0 7.04585186479942e-05
0.0015 6.93335186479942e-05
0.003 4.43473457653295e-05
0.0045 9.47234576532939e-07
0.006 -3.26580123987024e-05
0.0075 -3.53947504026724e-05
0.009 -1.07200129855523e-05
0.0105 1.71524681244013e-05
0.012 2.43431460452133e-05
0.0135 7.09096828838861e-06
0.015 -1.68213202783812e-05
0.0185 -3.92556304627944e-05
0.022 -3.65330568991951e-05
0.0255 -1.4409835136181e-05
0.029 5.96759977596155e-06
0.0325 7.18444554704876e-06
0.036 -9.79741410582185e-06
0.0395 -2.79978713240051e-05
0.043 -3.07620559907985e-05
0.0465 -1.67249120329167e-05
0.05 0
