0.00075 0.00075
0.00225 0.0166574485884432
0.00375 0.0289334074591977
0.00525 0.0224034979834902
0.00675 0.00182449200264671
0.00825 -0.0164498249447468
0.00975 -0.0185816540733024
0.01125 -0.00479378528054133
0.01275 0.0115014518378831
0.01425 0.0159415257111799
0.01675 0.00640980290983235
0.02025 -0.000777878161028353
0.02375 -0.00632092050371833
0.02725 -0.00582212426061215
0.03075 -0.000347670220310631
0.03425 0.00485195990082017
0.03775 0.00520013063376666
0.04125 0.000789767047655236
0.04475 -0.0040106125593948
0.04825 -0.00477854629511905
